{
  "RSpec": {
    "coverage": {
      "/Users/katiemcdonagh/w4_r/bookmarks/lib/app.rb": {
        "lines": [
          1,
          1,
          null,
          1,
          1,
          1,
          null,
          null,
          1,
          2,
          2,
          null,
          null,
          1,
          3,
          null,
          null,
          1,
          null
        ]
      },
      "/Users/katiemcdonagh/w4_r/bookmarks/models/bookmarks.rb": {
        "lines": [
          1,
          1,
          null,
          1,
          4,
          4,
          null,
          0,
          null,
          4,
          12,
          null,
          null,
          null,
          null
        ]
      },
      "/Users/katiemcdonagh/w4_r/bookmarks/spec/features/add_bookmark_spec.rb": {
        "lines": [
          1,
          1,
          1,
          1,
          null,
          null,
          1,
          1,
          1,
          1,
          1,
          1,
          null,
          null
        ]
      },
      "/Users/katiemcdonagh/w4_r/bookmarks/spec/features/index_spec.rb": {
        "lines": [
          1,
          1,
          1,
          1,
          null,
          null
        ]
      },
      "/Users/katiemcdonagh/w4_r/bookmarks/spec/features/viewing_bookmarks_spec.rb": {
        "lines": [
          null,
          null,
          null,
          1,
          1,
          1,
          1,
          1,
          null,
          null
        ]
      },
      "/Users/katiemcdonagh/w4_r/bookmarks/spec/view_bookmarks_spec.rb": {
        "lines": [
          1,
          null,
          1,
          null,
          1,
          1,
          1,
          null,
          null,
          null
        ]
      },
      "/Users/katiemcdonagh/w4_r/bookmarks/spec/setup_test_database.rb": {
        "lines": [
          1,
          null,
          null,
          null,
          1,
          5,
          5,
          null,
          null,
          1,
          5,
          5,
          null
        ]
      }
    },
    "timestamp": 1608639578
  }
}
