{
  "RSpec": {
    "coverage": {
      "/Users/katiemcdonagh/w4_r/bookmarks/lib/app.rb": {
        "lines": [
          1,
          null,
          1,
          1,
          1,
          null,
          null,
          1,
          1,
          1,
          null,
          null,
          1,
          null
        ]
      },
      "/Users/katiemcdonagh/w4_r/bookmarks/spec/features/index_spec.rb": {
        "lines": [
          1,
          1,
          1,
          1,
          null,
          null
        ]
      },
      "/Users/katiemcdonagh/w4_r/bookmarks/spec/features/viewing_bookmarks_spec.rb": {
        "lines": [
          1,
          1,
          1,
          1,
          1,
          null,
          null
        ]
      },
      "/Users/katiemcdonagh/w4_r/bookmarks/spec/view_bookmarks_spec.rb": {
        "lines": [
          1,
          null,
          1,
          null,
          1,
          1,
          null,
          null,
          null
        ]
      },
      "/Users/katiemcdonagh/w4_r/bookmarks/models/bookmarks.rb": {
        "lines": [
          1,
          null,
          1,
          2,
          null,
          null,
          null
        ]
      }
    },
    "timestamp": 1608553108
  }
}
